<?xml version="1.0" encoding="UTF-8"?>
<!-- Generated by org.testng.reporters.JUnitXMLReporter -->
<testsuite ignored="0" hostname="Orangelt0270" failures="0" tests="55" name="Default test" time="464.014" errors="0" timestamp="2024-06-14T09:04:48 IST">
  <testcase classname="tvs.com.TVS" name="TrackPage" time="3.646"/>
  <testcase classname="tvs.com.TVS" name="MerchandisePage" time="5.242"/>
  <testcase classname="tvs.com.TVS" name="AccessoriesPage" time="4.521"/>
  <testcase classname="tvs.com.TVS" name="OfferZonePage" time="6.721"/>
  <testcase classname="tvs.com.TVS" name="ComingSoonPage" time="6.069"/>
  <testcase classname="tvs.com.TVS" name="Homepage" time="4.848"/>
  <testcase classname="tvs.com.TVS" name="WishlistPage" time="4.048"/>
  <testcase classname="tvs.com.TVS" name="shopbymodel" time="3.108"/>
  <testcase classname="tvs.com.TVS" name="SortBy" time="3.24"/>
  <testcase classname="tvs.com.TVS" name="LowtoHigh" time="8.554"/>
  <testcase classname="tvs.com.TVS" name="Discount" time="8.507"/>
  <testcase classname="tvs.com.TVS" name="ExclusivelyProduct" time="6.509"/>
  <testcase classname="tvs.com.TVS" name="BestSelling" time="6.326"/>
  <testcase classname="tvs.com.TVS" name="Filter" time="3.266"/>
  <testcase classname="tvs.com.TVS" name="Brand" time="1.147"/>
  <testcase classname="tvs.com.TVS" name="SelectBrand" time="2.281"/>
  <testcase classname="tvs.com.TVS" name="SelectsecondBrand" time="2.289"/>
  <testcase classname="tvs.com.TVS" name="RemoveBrand" time="2.245"/>
  <testcase classname="tvs.com.TVS" name="ClearAllBrand" time="2.295"/>
  <testcase classname="tvs.com.TVS" name="Categories" time="2.187"/>
  <testcase classname="tvs.com.TVS" name="SelectCategory" time="2.415"/>
  <testcase classname="tvs.com.TVS" name="ClearCategory" time="2.378"/>
  <testcase classname="tvs.com.TVS" name="Subcategories" time="2.173"/>
  <testcase classname="tvs.com.TVS" name="SelectSubcategory" time="2.273"/>
  <testcase classname="tvs.com.TVS" name="ClearSubCategory" time="2.45"/>
  <testcase classname="tvs.com.TVS" name="Product" time="2.165"/>
  <testcase classname="tvs.com.TVS" name="SelectProduct" time="2.241"/>
  <testcase classname="tvs.com.TVS" name="ClearProduct" time="2.217"/>
  <testcase classname="tvs.com.TVS" name="CloseFilter" time="2.209"/>
  <testcase classname="tvs.com.TVS" name="SelectVehicle" time="7.479"/>
  <testcase classname="tvs.com.TVS" name="TVSIQUBE" time="10.501"/>
  <testcase classname="tvs.com.TVS" name="TVSRONIN" time="11.942"/>
  <testcase classname="tvs.com.TVS" name="TVSAPACHE" time="11.95"/>
  <testcase classname="tvs.com.TVS" name="TVSAPACHERTR310" time="11.716"/>
  <testcase classname="tvs.com.TVS" name="TVSAPACHERR310" time="11.71"/>
  <testcase classname="tvs.com.TVS" name="TVSJUPITER" time="12.043"/>
  <testcase classname="tvs.com.TVS" name="TVSJUPITER125" time="11.843"/>
  <testcase classname="tvs.com.TVS" name="TVSNTORQ" time="12.452"/>
  <testcase classname="tvs.com.TVS" name="TVSRAIDER" time="12.418"/>
  <testcase classname="tvs.com.TVS" name="TVSRADEON" time="12.425"/>
  <testcase classname="tvs.com.TVS" name="TVSSCOOTYPEPPLUS" time="11.791"/>
  <testcase classname="tvs.com.TVS" name="TVSSPORT" time="11.748"/>
  <testcase classname="tvs.com.TVS" name="TVSSTARCITYPLUS" time="11.964"/>
  <testcase classname="tvs.com.TVS" name="TVSVICTOR" time="11.626"/>
  <testcase classname="tvs.com.TVS" name="TVSWEGO" time="11.986"/>
  <testcase classname="tvs.com.TVS" name="TVSXL100" time="11.743"/>
  <testcase classname="tvs.com.TVS" name="TVSZEST" time="10.32"/>
  <testcase classname="tvs.com.TVS" name="AddtocartPLPPage" time="22.614"/>
  <testcase classname="tvs.com.TVS" name="PDPPage" time="67.85"/>
  <testcase classname="tvs.com.TVS" name="Login" time="12.036"/>
  <testcase classname="tvs.com.TVS" name="Addtocart" time="18.998"/>
  <testcase classname="tvs.com.TVS" name="IncreaseQuantity" time="5.206"/>
  <testcase classname="tvs.com.TVS" name="DecreaseQnantity" time="5.161"/>
  <testcase classname="tvs.com.TVS" name="ViewCartPage" time="2.655"/>
  <testcase classname="tvs.com.TVS" name="CheckoutPage" time="6.287"/>
</testsuite> <!-- Default test -->
