<?xml version="1.0" encoding="UTF-8"?>
<testng-results ignored="0" total="55" passed="55" failed="0" skipped="0">
  <reporter-output>
  </reporter-output>
  <suite started-at="2024-06-14T08:57:04 IST" name="Default suite" finished-at="2024-06-14T09:04:48 IST" duration-ms="464014">
    <groups>
    </groups>
    <test started-at="2024-06-14T08:57:04 IST" name="Default test" finished-at="2024-06-14T09:04:48 IST" duration-ms="464014">
      <class name="tvs.com.TVS">
        <test-method is-config="true" signature="beforeClass()[pri:0, instance:tvs.com.TVS@4fb3ee4e]" started-at="2024-06-14T08:57:04 IST" name="beforeClass" finished-at="2024-06-14T08:57:11 IST" duration-ms="6491" status="PASS">
          <reporter-output>
          </reporter-output>
        </test-method> <!-- beforeClass -->
        <test-method signature="TrackPage()[pri:1, instance:tvs.com.TVS@4fb3ee4e]" started-at="2024-06-14T08:57:11 IST" name="TrackPage" finished-at="2024-06-14T08:57:14 IST" duration-ms="3646" status="PASS">
          <reporter-output>
          </reporter-output>
        </test-method> <!-- TrackPage -->
        <test-method signature="MerchandisePage()[pri:2, instance:tvs.com.TVS@4fb3ee4e]" started-at="2024-06-14T08:57:14 IST" name="MerchandisePage" finished-at="2024-06-14T08:57:19 IST" duration-ms="5242" status="PASS">
          <reporter-output>
          </reporter-output>
        </test-method> <!-- MerchandisePage -->
        <test-method signature="AccessoriesPage()[pri:3, instance:tvs.com.TVS@4fb3ee4e]" started-at="2024-06-14T08:57:19 IST" name="AccessoriesPage" finished-at="2024-06-14T08:57:24 IST" duration-ms="4521" status="PASS">
          <reporter-output>
          </reporter-output>
        </test-method> <!-- AccessoriesPage -->
        <test-method signature="OfferZonePage()[pri:4, instance:tvs.com.TVS@4fb3ee4e]" started-at="2024-06-14T08:57:24 IST" name="OfferZonePage" finished-at="2024-06-14T08:57:31 IST" duration-ms="6721" status="PASS">
          <reporter-output>
          </reporter-output>
        </test-method> <!-- OfferZonePage -->
        <test-method signature="ComingSoonPage()[pri:5, instance:tvs.com.TVS@4fb3ee4e]" started-at="2024-06-14T08:57:31 IST" name="ComingSoonPage" finished-at="2024-06-14T08:57:37 IST" duration-ms="6069" status="PASS">
          <reporter-output>
          </reporter-output>
        </test-method> <!-- ComingSoonPage -->
        <test-method signature="Homepage()[pri:6, instance:tvs.com.TVS@4fb3ee4e]" started-at="2024-06-14T08:57:37 IST" name="Homepage" finished-at="2024-06-14T08:57:42 IST" duration-ms="4848" status="PASS">
          <reporter-output>
          </reporter-output>
        </test-method> <!-- Homepage -->
        <test-method signature="WishlistPage()[pri:7, instance:tvs.com.TVS@4fb3ee4e]" started-at="2024-06-14T08:57:42 IST" name="WishlistPage" finished-at="2024-06-14T08:57:46 IST" duration-ms="4048" status="PASS">
          <reporter-output>
          </reporter-output>
        </test-method> <!-- WishlistPage -->
        <test-method signature="shopbymodel()[pri:8, instance:tvs.com.TVS@4fb3ee4e]" started-at="2024-06-14T08:57:46 IST" name="shopbymodel" finished-at="2024-06-14T08:57:49 IST" duration-ms="3108" status="PASS">
          <reporter-output>
          </reporter-output>
        </test-method> <!-- shopbymodel -->
        <test-method signature="SortBy()[pri:9, instance:tvs.com.TVS@4fb3ee4e]" started-at="2024-06-14T08:57:49 IST" name="SortBy" finished-at="2024-06-14T08:57:52 IST" duration-ms="3240" status="PASS">
          <reporter-output>
          </reporter-output>
        </test-method> <!-- SortBy -->
        <test-method signature="LowtoHigh()[pri:10, instance:tvs.com.TVS@4fb3ee4e]" started-at="2024-06-14T08:57:52 IST" name="LowtoHigh" finished-at="2024-06-14T08:58:01 IST" duration-ms="8554" status="PASS">
          <reporter-output>
          </reporter-output>
        </test-method> <!-- LowtoHigh -->
        <test-method signature="Discount()[pri:11, instance:tvs.com.TVS@4fb3ee4e]" started-at="2024-06-14T08:58:01 IST" name="Discount" finished-at="2024-06-14T08:58:09 IST" duration-ms="8507" status="PASS">
          <reporter-output>
          </reporter-output>
        </test-method> <!-- Discount -->
        <test-method signature="ExclusivelyProduct()[pri:12, instance:tvs.com.TVS@4fb3ee4e]" started-at="2024-06-14T08:58:09 IST" name="ExclusivelyProduct" finished-at="2024-06-14T08:58:16 IST" duration-ms="6509" status="PASS">
          <reporter-output>
          </reporter-output>
        </test-method> <!-- ExclusivelyProduct -->
        <test-method signature="BestSelling()[pri:13, instance:tvs.com.TVS@4fb3ee4e]" started-at="2024-06-14T08:58:16 IST" name="BestSelling" finished-at="2024-06-14T08:58:22 IST" duration-ms="6326" status="PASS">
          <reporter-output>
          </reporter-output>
        </test-method> <!-- BestSelling -->
        <test-method signature="Filter()[pri:14, instance:tvs.com.TVS@4fb3ee4e]" started-at="2024-06-14T08:58:22 IST" name="Filter" finished-at="2024-06-14T08:58:25 IST" duration-ms="3266" status="PASS">
          <reporter-output>
          </reporter-output>
        </test-method> <!-- Filter -->
        <test-method signature="Brand()[pri:15, instance:tvs.com.TVS@4fb3ee4e]" started-at="2024-06-14T08:58:25 IST" name="Brand" finished-at="2024-06-14T08:58:26 IST" duration-ms="1147" status="PASS">
          <reporter-output>
          </reporter-output>
        </test-method> <!-- Brand -->
        <test-method signature="SelectBrand()[pri:16, instance:tvs.com.TVS@4fb3ee4e]" started-at="2024-06-14T08:58:26 IST" name="SelectBrand" finished-at="2024-06-14T08:58:29 IST" duration-ms="2281" status="PASS">
          <reporter-output>
          </reporter-output>
        </test-method> <!-- SelectBrand -->
        <test-method signature="SelectsecondBrand()[pri:17, instance:tvs.com.TVS@4fb3ee4e]" started-at="2024-06-14T08:58:29 IST" name="SelectsecondBrand" finished-at="2024-06-14T08:58:31 IST" duration-ms="2289" status="PASS">
          <reporter-output>
          </reporter-output>
        </test-method> <!-- SelectsecondBrand -->
        <test-method signature="RemoveBrand()[pri:18, instance:tvs.com.TVS@4fb3ee4e]" started-at="2024-06-14T08:58:31 IST" name="RemoveBrand" finished-at="2024-06-14T08:58:33 IST" duration-ms="2245" status="PASS">
          <reporter-output>
          </reporter-output>
        </test-method> <!-- RemoveBrand -->
        <test-method signature="ClearAllBrand()[pri:19, instance:tvs.com.TVS@4fb3ee4e]" started-at="2024-06-14T08:58:33 IST" name="ClearAllBrand" finished-at="2024-06-14T08:58:35 IST" duration-ms="2295" status="PASS">
          <reporter-output>
          </reporter-output>
        </test-method> <!-- ClearAllBrand -->
        <test-method signature="Categories()[pri:20, instance:tvs.com.TVS@4fb3ee4e]" started-at="2024-06-14T08:58:35 IST" name="Categories" finished-at="2024-06-14T08:58:38 IST" duration-ms="2187" status="PASS">
          <reporter-output>
          </reporter-output>
        </test-method> <!-- Categories -->
        <test-method signature="SelectCategory()[pri:21, instance:tvs.com.TVS@4fb3ee4e]" started-at="2024-06-14T08:58:38 IST" name="SelectCategory" finished-at="2024-06-14T08:58:40 IST" duration-ms="2415" status="PASS">
          <reporter-output>
          </reporter-output>
        </test-method> <!-- SelectCategory -->
        <test-method signature="ClearCategory()[pri:22, instance:tvs.com.TVS@4fb3ee4e]" started-at="2024-06-14T08:58:40 IST" name="ClearCategory" finished-at="2024-06-14T08:58:42 IST" duration-ms="2378" status="PASS">
          <reporter-output>
          </reporter-output>
        </test-method> <!-- ClearCategory -->
        <test-method signature="Subcategories()[pri:23, instance:tvs.com.TVS@4fb3ee4e]" started-at="2024-06-14T08:58:42 IST" name="Subcategories" finished-at="2024-06-14T08:58:45 IST" duration-ms="2173" status="PASS">
          <reporter-output>
          </reporter-output>
        </test-method> <!-- Subcategories -->
        <test-method signature="SelectSubcategory()[pri:24, instance:tvs.com.TVS@4fb3ee4e]" started-at="2024-06-14T08:58:45 IST" name="SelectSubcategory" finished-at="2024-06-14T08:58:47 IST" duration-ms="2273" status="PASS">
          <reporter-output>
          </reporter-output>
        </test-method> <!-- SelectSubcategory -->
        <test-method signature="ClearSubCategory()[pri:25, instance:tvs.com.TVS@4fb3ee4e]" started-at="2024-06-14T08:58:47 IST" name="ClearSubCategory" finished-at="2024-06-14T08:58:49 IST" duration-ms="2450" status="PASS">
          <reporter-output>
          </reporter-output>
        </test-method> <!-- ClearSubCategory -->
        <test-method signature="Product()[pri:26, instance:tvs.com.TVS@4fb3ee4e]" started-at="2024-06-14T08:58:49 IST" name="Product" finished-at="2024-06-14T08:58:51 IST" duration-ms="2165" status="PASS">
          <reporter-output>
          </reporter-output>
        </test-method> <!-- Product -->
        <test-method signature="SelectProduct()[pri:27, instance:tvs.com.TVS@4fb3ee4e]" started-at="2024-06-14T08:58:51 IST" name="SelectProduct" finished-at="2024-06-14T08:58:54 IST" duration-ms="2241" status="PASS">
          <reporter-output>
          </reporter-output>
        </test-method> <!-- SelectProduct -->
        <test-method signature="ClearProduct()[pri:28, instance:tvs.com.TVS@4fb3ee4e]" started-at="2024-06-14T08:58:54 IST" name="ClearProduct" finished-at="2024-06-14T08:58:56 IST" duration-ms="2217" status="PASS">
          <reporter-output>
          </reporter-output>
        </test-method> <!-- ClearProduct -->
        <test-method signature="CloseFilter()[pri:29, instance:tvs.com.TVS@4fb3ee4e]" started-at="2024-06-14T08:58:56 IST" name="CloseFilter" finished-at="2024-06-14T08:58:58 IST" duration-ms="2209" status="PASS">
          <reporter-output>
          </reporter-output>
        </test-method> <!-- CloseFilter -->
        <test-method signature="SelectVehicle()[pri:30, instance:tvs.com.TVS@4fb3ee4e]" started-at="2024-06-14T08:58:58 IST" name="SelectVehicle" finished-at="2024-06-14T08:59:06 IST" duration-ms="7479" status="PASS">
          <reporter-output>
          </reporter-output>
        </test-method> <!-- SelectVehicle -->
        <test-method signature="TVSIQUBE()[pri:31, instance:tvs.com.TVS@4fb3ee4e]" started-at="2024-06-14T08:59:06 IST" name="TVSIQUBE" finished-at="2024-06-14T08:59:16 IST" duration-ms="10501" status="PASS">
          <reporter-output>
          </reporter-output>
        </test-method> <!-- TVSIQUBE -->
        <test-method signature="TVSRONIN()[pri:32, instance:tvs.com.TVS@4fb3ee4e]" started-at="2024-06-14T08:59:16 IST" name="TVSRONIN" finished-at="2024-06-14T08:59:28 IST" duration-ms="11942" status="PASS">
          <reporter-output>
          </reporter-output>
        </test-method> <!-- TVSRONIN -->
        <test-method signature="TVSAPACHE()[pri:33, instance:tvs.com.TVS@4fb3ee4e]" started-at="2024-06-14T08:59:28 IST" name="TVSAPACHE" finished-at="2024-06-14T08:59:40 IST" duration-ms="11950" status="PASS">
          <reporter-output>
          </reporter-output>
        </test-method> <!-- TVSAPACHE -->
        <test-method signature="TVSAPACHERTR310()[pri:34, instance:tvs.com.TVS@4fb3ee4e]" started-at="2024-06-14T08:59:40 IST" name="TVSAPACHERTR310" finished-at="2024-06-14T08:59:52 IST" duration-ms="11716" status="PASS">
          <reporter-output>
          </reporter-output>
        </test-method> <!-- TVSAPACHERTR310 -->
        <test-method signature="TVSAPACHERR310()[pri:35, instance:tvs.com.TVS@4fb3ee4e]" started-at="2024-06-14T08:59:52 IST" name="TVSAPACHERR310" finished-at="2024-06-14T09:00:03 IST" duration-ms="11710" status="PASS">
          <reporter-output>
          </reporter-output>
        </test-method> <!-- TVSAPACHERR310 -->
        <test-method signature="TVSJUPITER()[pri:36, instance:tvs.com.TVS@4fb3ee4e]" started-at="2024-06-14T09:00:03 IST" name="TVSJUPITER" finished-at="2024-06-14T09:00:15 IST" duration-ms="12043" status="PASS">
          <reporter-output>
          </reporter-output>
        </test-method> <!-- TVSJUPITER -->
        <test-method signature="TVSJUPITER125()[pri:37, instance:tvs.com.TVS@4fb3ee4e]" started-at="2024-06-14T09:00:15 IST" name="TVSJUPITER125" finished-at="2024-06-14T09:00:27 IST" duration-ms="11843" status="PASS">
          <reporter-output>
          </reporter-output>
        </test-method> <!-- TVSJUPITER125 -->
        <test-method signature="TVSNTORQ()[pri:38, instance:tvs.com.TVS@4fb3ee4e]" started-at="2024-06-14T09:00:27 IST" name="TVSNTORQ" finished-at="2024-06-14T09:00:40 IST" duration-ms="12452" status="PASS">
          <reporter-output>
          </reporter-output>
        </test-method> <!-- TVSNTORQ -->
        <test-method signature="TVSRAIDER()[pri:39, instance:tvs.com.TVS@4fb3ee4e]" started-at="2024-06-14T09:00:40 IST" name="TVSRAIDER" finished-at="2024-06-14T09:00:52 IST" duration-ms="12418" status="PASS">
          <reporter-output>
          </reporter-output>
        </test-method> <!-- TVSRAIDER -->
        <test-method signature="TVSRADEON()[pri:40, instance:tvs.com.TVS@4fb3ee4e]" started-at="2024-06-14T09:00:52 IST" name="TVSRADEON" finished-at="2024-06-14T09:01:05 IST" duration-ms="12425" status="PASS">
          <reporter-output>
          </reporter-output>
        </test-method> <!-- TVSRADEON -->
        <test-method signature="TVSSCOOTYPEPPLUS()[pri:41, instance:tvs.com.TVS@4fb3ee4e]" started-at="2024-06-14T09:01:05 IST" name="TVSSCOOTYPEPPLUS" finished-at="2024-06-14T09:01:16 IST" duration-ms="11791" status="PASS">
          <reporter-output>
          </reporter-output>
        </test-method> <!-- TVSSCOOTYPEPPLUS -->
        <test-method signature="TVSSPORT()[pri:42, instance:tvs.com.TVS@4fb3ee4e]" started-at="2024-06-14T09:01:16 IST" name="TVSSPORT" finished-at="2024-06-14T09:01:28 IST" duration-ms="11748" status="PASS">
          <reporter-output>
          </reporter-output>
        </test-method> <!-- TVSSPORT -->
        <test-method signature="TVSSTARCITYPLUS()[pri:43, instance:tvs.com.TVS@4fb3ee4e]" started-at="2024-06-14T09:01:28 IST" name="TVSSTARCITYPLUS" finished-at="2024-06-14T09:01:40 IST" duration-ms="11964" status="PASS">
          <reporter-output>
          </reporter-output>
        </test-method> <!-- TVSSTARCITYPLUS -->
        <test-method signature="TVSVICTOR()[pri:44, instance:tvs.com.TVS@4fb3ee4e]" started-at="2024-06-14T09:01:40 IST" name="TVSVICTOR" finished-at="2024-06-14T09:01:52 IST" duration-ms="11626" status="PASS">
          <reporter-output>
          </reporter-output>
        </test-method> <!-- TVSVICTOR -->
        <test-method signature="TVSWEGO()[pri:45, instance:tvs.com.TVS@4fb3ee4e]" started-at="2024-06-14T09:01:52 IST" name="TVSWEGO" finished-at="2024-06-14T09:02:04 IST" duration-ms="11986" status="PASS">
          <reporter-output>
          </reporter-output>
        </test-method> <!-- TVSWEGO -->
        <test-method signature="TVSXL100()[pri:46, instance:tvs.com.TVS@4fb3ee4e]" started-at="2024-06-14T09:02:04 IST" name="TVSXL100" finished-at="2024-06-14T09:02:16 IST" duration-ms="11743" status="PASS">
          <reporter-output>
          </reporter-output>
        </test-method> <!-- TVSXL100 -->
        <test-method signature="TVSZEST()[pri:47, instance:tvs.com.TVS@4fb3ee4e]" started-at="2024-06-14T09:02:16 IST" name="TVSZEST" finished-at="2024-06-14T09:02:26 IST" duration-ms="10320" status="PASS">
          <reporter-output>
          </reporter-output>
        </test-method> <!-- TVSZEST -->
        <test-method signature="AddtocartPLPPage()[pri:48, instance:tvs.com.TVS@4fb3ee4e]" started-at="2024-06-14T09:02:26 IST" name="AddtocartPLPPage" finished-at="2024-06-14T09:02:48 IST" duration-ms="22614" status="PASS">
          <reporter-output>
          </reporter-output>
        </test-method> <!-- AddtocartPLPPage -->
        <test-method signature="PDPPage()[pri:49, instance:tvs.com.TVS@4fb3ee4e]" started-at="2024-06-14T09:02:48 IST" name="PDPPage" finished-at="2024-06-14T09:03:56 IST" duration-ms="67850" status="PASS">
          <reporter-output>
          </reporter-output>
        </test-method> <!-- PDPPage -->
        <test-method signature="Login()[pri:50, instance:tvs.com.TVS@4fb3ee4e]" started-at="2024-06-14T09:03:56 IST" name="Login" finished-at="2024-06-14T09:04:08 IST" duration-ms="12036" status="PASS">
          <reporter-output>
          </reporter-output>
        </test-method> <!-- Login -->
        <test-method signature="Addtocart()[pri:51, instance:tvs.com.TVS@4fb3ee4e]" started-at="2024-06-14T09:04:08 IST" name="Addtocart" finished-at="2024-06-14T09:04:27 IST" duration-ms="18998" status="PASS">
          <reporter-output>
          </reporter-output>
        </test-method> <!-- Addtocart -->
        <test-method signature="IncreaseQuantity()[pri:52, instance:tvs.com.TVS@4fb3ee4e]" started-at="2024-06-14T09:04:27 IST" name="IncreaseQuantity" finished-at="2024-06-14T09:04:33 IST" duration-ms="5206" status="PASS">
          <reporter-output>
          </reporter-output>
        </test-method> <!-- IncreaseQuantity -->
        <test-method signature="DecreaseQnantity()[pri:53, instance:tvs.com.TVS@4fb3ee4e]" started-at="2024-06-14T09:04:33 IST" name="DecreaseQnantity" finished-at="2024-06-14T09:04:38 IST" duration-ms="5161" status="PASS">
          <reporter-output>
          </reporter-output>
        </test-method> <!-- DecreaseQnantity -->
        <test-method signature="ViewCartPage()[pri:54, instance:tvs.com.TVS@4fb3ee4e]" started-at="2024-06-14T09:04:38 IST" name="ViewCartPage" finished-at="2024-06-14T09:04:40 IST" duration-ms="2655" status="PASS">
          <reporter-output>
          </reporter-output>
        </test-method> <!-- ViewCartPage -->
        <test-method signature="CheckoutPage()[pri:55, instance:tvs.com.TVS@4fb3ee4e]" started-at="2024-06-14T09:04:40 IST" name="CheckoutPage" finished-at="2024-06-14T09:04:47 IST" duration-ms="6287" status="PASS">
          <reporter-output>
          </reporter-output>
        </test-method> <!-- CheckoutPage -->
        <test-method is-config="true" signature="endSession()[pri:0, instance:tvs.com.TVS@4fb3ee4e]" started-at="2024-06-14T09:04:47 IST" name="endSession" finished-at="2024-06-14T09:04:48 IST" duration-ms="1422" status="PASS">
          <reporter-output>
          </reporter-output>
        </test-method> <!-- endSession -->
      </class> <!-- tvs.com.TVS -->
    </test> <!-- Default test -->
  </suite> <!-- Default suite -->
</testng-results>
